<?xml version="1.0" encoding="UTF-8"?>
<!-- Generated by org.testng.reporters.JUnitReportReporter -->
<testsuite hostname="DESKTOP-EGMN6BR" failures="0" tests="1" name="testCases.TC_002_LoginTest" time="1.738" errors="0" timestamp="2024-06-14T09:57:32 IST" skipped="0">
  <testcase classname="testCases.TC_002_LoginTest" name="verify_login" time="1.738"/>
</testsuite> <!-- testCases.TC_002_LoginTest -->
